[2025-11-23 12:56:45] Không tìm thấy đoàn phù hợp để reservation khi auto-assign thất bại.
[2025-11-23 14:03:55] Không tìm thấy đoàn phù hợp để reservation khi auto-assign thất bại.
[2025-11-23 15:54:22] Không tìm thấy đoàn phù hợp để reservation khi auto-assign thất bại.
[2025-11-30 12:02:23] SQLSTATE[42S22]: Column not found: 1054 Unknown column 'b.tour_id' in 'on clause'
[2025-11-30 12:02:25] SQLSTATE[42S02]: Base table or view not found: 1146 Table 'duan1_tuor.booking_members' doesn't exist
[2025-11-30 12:10:51] SQLSTATE[42S22]: Column not found: 1054 Unknown column 'b.tour_id' in 'on clause'
[2025-11-30 12:10:54] SQLSTATE[42S02]: Base table or view not found: 1146 Table 'duan1_tuor.booking_members' doesn't exist
[2025-11-30 12:10:56] SQLSTATE[42S22]: Column not found: 1054 Unknown column 'b.tour_id' in 'on clause'
[2025-11-30 12:14:04] SQLSTATE[42S22]: Column not found: 1054 Unknown column 'b.tour_id' in 'on clause'
[2025-11-30 12:14:16] SQLSTATE[42S22]: Column not found: 1054 Unknown column 'b.tour_id' in 'on clause'
[2025-11-30 12:14:34] SQLSTATE[42S22]: Column not found: 1054 Unknown column 'b.tour_id' in 'on clause'
[2025-11-30 12:14:35] SQLSTATE[42S02]: Base table or view not found: 1146 Table 'duan1_tuor.booking_members' doesn't exist
[2025-12-01 11:21:05] SQLSTATE[42S22]: Column not found: 1054 Unknown column 'b.tour_id' in 'on clause'
[2025-12-01 11:21:10] SQLSTATE[42S02]: Base table or view not found: 1146 Table 'duan1_tuor.booking_members' doesn't exist
[2025-12-01 11:21:19] SQLSTATE[42S02]: Base table or view not found: 1146 Table 'duan1_tuor.booking_members' doesn't exist
[2025-12-01 11:21:20] SQLSTATE[42S22]: Column not found: 1054 Unknown column 'b.tour_id' in 'on clause'
[2025-12-01 11:22:04] SQLSTATE[42S22]: Column not found: 1054 Unknown column 'tour_id' in 'field list'
[2025-12-01 11:22:13] SQLSTATE[42S02]: Base table or view not found: 1146 Table 'duan1_tuor.booking_members' doesn't exist
[2025-12-01 11:22:19] SQLSTATE[42S22]: Column not found: 1054 Unknown column 'b.tour_id' in 'on clause'
[2025-12-01 12:33:29] SQLSTATE[42S22]: Column not found: 1054 Unknown column 'tour_id' in 'field list'
[2025-12-01 12:36:23] SQLSTATE[42S22]: Column not found: 1054 Unknown column 'created_at' in 'field list'
[2025-12-01 12:45:11] No valid columns found in booking_members table.
[2025-12-01 12:52:06] Không tìm thấy đoàn phù hợp để reservation khi auto-assign thất bại.
